<?xml version="1.0" encoding="UTF-8"?>
<coverage generated="1648649884510" clover="3.2.0">
  <project timestamp="1648649884510" name="All files">
    <metrics statements="99" coveredstatements="51" conditionals="41" coveredconditionals="10" methods="29" coveredmethods="6" elements="169" coveredelements="67" complexity="0" loc="99" ncloc="99" packages="6" files="18" classes="18"/>
    <package name="ToastService">
      <metrics statements="23" coveredstatements="8" conditionals="11" coveredconditionals="2" methods="8" coveredmethods="2"/>
      <file name="index.js" path="D:\Study\Modsen\toast-app\src\ToastService\index.js">
        <metrics statements="23" coveredstatements="8" conditionals="11" coveredconditionals="2" methods="8" coveredmethods="2"/>
        <line num="3" count="1" type="cond" truecount="1" falsecount="1"/>
        <line num="4" count="0" type="stmt"/>
        <line num="5" count="1" type="stmt"/>
        <line num="6" count="1" type="stmt"/>
        <line num="7" count="1" type="stmt"/>
        <line num="8" count="1" type="stmt"/>
        <line num="12" count="0" type="stmt"/>
        <line num="13" count="0" type="cond" truecount="0" falsecount="2"/>
        <line num="14" count="0" type="stmt"/>
        <line num="15" count="0" type="stmt"/>
        <line num="16" count="0" type="stmt"/>
        <line num="17" count="0" type="stmt"/>
        <line num="18" count="0" type="stmt"/>
        <line num="23" count="0" type="cond" truecount="0" falsecount="2"/>
        <line num="24" count="0" type="stmt"/>
        <line num="26" count="0" type="stmt"/>
        <line num="30" count="0" type="stmt"/>
        <line num="31" count="0" type="stmt"/>
        <line num="36" count="1" type="cond" truecount="1" falsecount="1"/>
        <line num="37" count="1" type="stmt"/>
        <line num="42" count="0" type="cond" truecount="0" falsecount="2"/>
        <line num="43" count="0" type="stmt"/>
        <line num="48" count="1" type="stmt"/>
      </file>
    </package>
    <package name="components.ErrorBoundary">
      <metrics statements="8" coveredstatements="1" conditionals="4" coveredconditionals="0" methods="3" coveredmethods="0"/>
      <file name="index.js" path="D:\Study\Modsen\toast-app\src\components\ErrorBoundary\index.js">
        <metrics statements="8" coveredstatements="1" conditionals="4" coveredconditionals="0" methods="3" coveredmethods="0"/>
        <line num="7" count="0" type="stmt"/>
        <line num="8" count="0" type="stmt"/>
        <line num="12" count="0" type="stmt"/>
        <line num="19" count="0" type="stmt"/>
        <line num="20" count="0" type="cond" truecount="0" falsecount="2"/>
        <line num="21" count="0" type="stmt"/>
        <line num="33" count="0" type="stmt"/>
        <line num="37" count="1" type="stmt"/>
      </file>
    </package>
    <package name="components.ToastsContainer.Toast">
      <metrics statements="25" coveredstatements="13" conditionals="15" coveredconditionals="6" methods="10" coveredmethods="1"/>
      <file name="index.js" path="D:\Study\Modsen\toast-app\src\components\ToastsContainer\Toast\index.js">
        <metrics statements="12" coveredstatements="7" conditionals="11" coveredconditionals="6" methods="3" coveredmethods="1"/>
        <line num="25" count="1" type="stmt"/>
        <line num="26" count="1" type="stmt"/>
        <line num="39" count="1" type="stmt"/>
        <line num="41" count="1" type="stmt"/>
        <line num="42" count="0" type="stmt"/>
        <line num="43" count="0" type="stmt"/>
        <line num="44" count="0" type="cond" truecount="0" falsecount="2"/>
        <line num="45" count="0" type="stmt"/>
        <line num="47" count="0" type="stmt"/>
        <line num="52" count="1" type="stmt"/>
        <line num="54" count="1" type="stmt"/>
        <line num="89" count="1" type="stmt"/>
      </file>
      <file name="style.js" path="D:\Study\Modsen\toast-app\src\components\ToastsContainer\Toast\style.js">
        <metrics statements="13" coveredstatements="6" conditionals="4" coveredconditionals="0" methods="7" coveredmethods="0"/>
        <line num="8" count="1" type="stmt"/>
        <line num="10" count="0" type="stmt"/>
        <line num="17" count="0" type="stmt"/>
        <line num="19" count="0" type="stmt"/>
        <line num="23" count="0" type="stmt"/>
        <line num="27" count="0" type="cond" truecount="0" falsecount="2"/>
        <line num="35" count="0" type="stmt"/>
        <line num="39" count="0" type="cond" truecount="0" falsecount="2"/>
        <line num="97" count="1" type="stmt"/>
        <line num="104" count="1" type="stmt"/>
        <line num="107" count="1" type="stmt"/>
        <line num="113" count="1" type="stmt"/>
        <line num="118" count="1" type="stmt"/>
      </file>
    </package>
    <package name="components.icons">
      <metrics statements="15" coveredstatements="11" conditionals="0" coveredconditionals="0" methods="5" coveredmethods="1"/>
      <file name="CloseIcon.js" path="D:\Study\Modsen\toast-app\src\components\icons\CloseIcon.js">
        <metrics statements="3" coveredstatements="2" conditionals="0" coveredconditionals="0" methods="1" coveredmethods="0"/>
        <line num="4" count="2" type="stmt"/>
        <line num="5" count="0" type="stmt"/>
        <line num="37" count="2" type="stmt"/>
      </file>
      <file name="ErrorIcon.js" path="D:\Study\Modsen\toast-app\src\components\icons\ErrorIcon.js">
        <metrics statements="3" coveredstatements="2" conditionals="0" coveredconditionals="0" methods="1" coveredmethods="0"/>
        <line num="4" count="2" type="stmt"/>
        <line num="5" count="0" type="stmt"/>
        <line num="123" count="2" type="stmt"/>
      </file>
      <file name="InfoIcon.js" path="D:\Study\Modsen\toast-app\src\components\icons\InfoIcon.js">
        <metrics statements="3" coveredstatements="3" conditionals="0" coveredconditionals="0" methods="1" coveredmethods="1"/>
        <line num="4" count="2" type="stmt"/>
        <line num="5" count="1" type="stmt"/>
        <line num="61" count="2" type="stmt"/>
      </file>
      <file name="SuccessIcon.js" path="D:\Study\Modsen\toast-app\src\components\icons\SuccessIcon.js">
        <metrics statements="3" coveredstatements="2" conditionals="0" coveredconditionals="0" methods="1" coveredmethods="0"/>
        <line num="4" count="2" type="stmt"/>
        <line num="5" count="0" type="stmt"/>
        <line num="44" count="2" type="stmt"/>
      </file>
      <file name="WarningIcon.js" path="D:\Study\Modsen\toast-app\src\components\icons\WarningIcon.js">
        <metrics statements="3" coveredstatements="2" conditionals="0" coveredconditionals="0" methods="1" coveredmethods="0"/>
        <line num="4" count="2" type="stmt"/>
        <line num="5" count="0" type="stmt"/>
        <line num="41" count="2" type="stmt"/>
      </file>
      <file name="index.js" path="D:\Study\Modsen\toast-app\src\components\icons\index.js">
        <metrics statements="0" coveredstatements="0" conditionals="0" coveredconditionals="0" methods="0" coveredmethods="0"/>
      </file>
    </package>
    <package name="constants">
      <metrics statements="11" coveredstatements="11" conditionals="0" coveredconditionals="0" methods="0" coveredmethods="0"/>
      <file name="actions.js" path="D:\Study\Modsen\toast-app\src\constants\actions.js">
        <metrics statements="2" coveredstatements="2" conditionals="0" coveredconditionals="0" methods="0" coveredmethods="0"/>
        <line num="1" count="2" type="stmt"/>
        <line num="2" count="2" type="stmt"/>
      </file>
      <file name="error.js" path="D:\Study\Modsen\toast-app\src\constants\error.js">
        <metrics statements="1" coveredstatements="1" conditionals="0" coveredconditionals="0" methods="0" coveredmethods="0"/>
        <line num="1" count="2" type="stmt"/>
      </file>
      <file name="index.js" path="D:\Study\Modsen\toast-app\src\constants\index.js">
        <metrics statements="0" coveredstatements="0" conditionals="0" coveredconditionals="0" methods="0" coveredmethods="0"/>
      </file>
      <file name="subscribers.js" path="D:\Study\Modsen\toast-app\src\constants\subscribers.js">
        <metrics statements="0" coveredstatements="0" conditionals="0" coveredconditionals="0" methods="0" coveredmethods="0"/>
      </file>
      <file name="toastProperties.js" path="D:\Study\Modsen\toast-app\src\constants\toastProperties.js">
        <metrics statements="8" coveredstatements="8" conditionals="0" coveredconditionals="0" methods="0" coveredmethods="0"/>
        <line num="1" count="2" type="stmt"/>
        <line num="8" count="2" type="stmt"/>
        <line num="14" count="2" type="stmt"/>
        <line num="21" count="2" type="stmt"/>
        <line num="26" count="2" type="stmt"/>
        <line num="27" count="2" type="stmt"/>
        <line num="28" count="2" type="stmt"/>
        <line num="30" count="2" type="stmt"/>
      </file>
    </package>
    <package name="utils">
      <metrics statements="17" coveredstatements="7" conditionals="11" coveredconditionals="2" methods="3" coveredmethods="2"/>
      <file name="getIcons.js" path="D:\Study\Modsen\toast-app\src\utils\getIcons.js">
        <metrics statements="6" coveredstatements="3" conditionals="4" coveredconditionals="1" methods="1" coveredmethods="1"/>
        <line num="10" count="1" type="stmt"/>
        <line num="11" count="1" type="cond" truecount="1" falsecount="3"/>
        <line num="13" count="1" type="stmt"/>
        <line num="15" count="0" type="stmt"/>
        <line num="17" count="0" type="stmt"/>
        <line num="19" count="0" type="stmt"/>
      </file>
      <file name="getStyles.js" path="D:\Study\Modsen\toast-app\src\utils\getStyles.js">
        <metrics statements="11" coveredstatements="4" conditionals="7" coveredconditionals="1" methods="2" coveredmethods="1"/>
        <line num="3" count="2" type="stmt"/>
        <line num="4" count="1" type="cond" truecount="1" falsecount="3"/>
        <line num="6" count="1" type="stmt"/>
        <line num="8" count="0" type="stmt"/>
        <line num="10" count="0" type="stmt"/>
        <line num="12" count="0" type="stmt"/>
        <line num="16" count="2" type="stmt"/>
        <line num="17" count="0" type="cond" truecount="0" falsecount="3"/>
        <line num="19" count="0" type="stmt"/>
        <line num="21" count="0" type="stmt"/>
        <line num="23" count="0" type="stmt"/>
      </file>
      <file name="index.js" path="D:\Study\Modsen\toast-app\src\utils\index.js">
        <metrics statements="0" coveredstatements="0" conditionals="0" coveredconditionals="0" methods="0" coveredmethods="0"/>
      </file>
    </package>
  </project>
</coverage>
