{"D:\\Study\\Modsen\\toast-app\\src\\ToastService\\index.js": {"path":"D:\\Study\\Modsen\\toast-app\\src\\ToastService\\index.js","statementMap":{"0":{"start":{"line":3,"column":4},"end":{"line":4,"column":34}},"1":{"start":{"line":4,"column":6},"end":{"line":4,"column":34}},"2":{"start":{"line":5,"column":4},"end":{"line":5,"column":32}},"3":{"start":{"line":6,"column":4},"end":{"line":6,"column":23}},"4":{"start":{"line":7,"column":4},"end":{"line":7,"column":32}},"5":{"start":{"line":8,"column":4},"end":{"line":8,"column":21}},"6":{"start":{"line":12,"column":4},"end":{"line":12,"column":22}},"7":{"start":{"line":13,"column":4},"end":{"line":14,"column":46}},"8":{"start":{"line":14,"column":6},"end":{"line":14,"column":46}},"9":{"start":{"line":15,"column":4},"end":{"line":15,"column":20}},"10":{"start":{"line":16,"column":4},"end":{"line":16,"column":29}},"11":{"start":{"line":17,"column":4},"end":{"line":19,"column":18}},"12":{"start":{"line":18,"column":6},"end":{"line":18,"column":24}},"13":{"start":{"line":23,"column":4},"end":{"line":25,"column":5}},"14":{"start":{"line":24,"column":6},"end":{"line":24,"column":34}},"15":{"start":{"line":26,"column":4},"end":{"line":26,"column":20}},"16":{"start":{"line":30,"column":4},"end":{"line":32,"column":6}},"17":{"start":{"line":31,"column":6},"end":{"line":31,"column":35}},"18":{"start":{"line":36,"column":4},"end":{"line":38,"column":5}},"19":{"start":{"line":37,"column":6},"end":{"line":37,"column":48}},"20":{"start":{"line":42,"column":4},"end":{"line":44,"column":5}},"21":{"start":{"line":43,"column":6},"end":{"line":43,"column":41}},"22":{"start":{"line":48,"column":28},"end":{"line":48,"column":46}}},"fnMap":{"0":{"name":"(anonymous_0)","decl":{"start":{"line":2,"column":2},"end":{"line":2,"column":3}},"loc":{"start":{"line":2,"column":16},"end":{"line":9,"column":3}},"line":2},"1":{"name":"(anonymous_1)","decl":{"start":{"line":11,"column":2},"end":{"line":11,"column":3}},"loc":{"start":{"line":11,"column":25},"end":{"line":20,"column":3}},"line":11},"2":{"name":"(anonymous_2)","decl":{"start":{"line":17,"column":29},"end":{"line":17,"column":30}},"loc":{"start":{"line":17,"column":35},"end":{"line":19,"column":5}},"line":17},"3":{"name":"(anonymous_3)","decl":{"start":{"line":22,"column":2},"end":{"line":22,"column":3}},"loc":{"start":{"line":22,"column":22},"end":{"line":27,"column":3}},"line":22},"4":{"name":"(anonymous_4)","decl":{"start":{"line":29,"column":2},"end":{"line":29,"column":3}},"loc":{"start":{"line":29,"column":14},"end":{"line":33,"column":3}},"line":29},"5":{"name":"(anonymous_5)","decl":{"start":{"line":30,"column":36},"end":{"line":30,"column":37}},"loc":{"start":{"line":30,"column":50},"end":{"line":32,"column":5}},"line":30},"6":{"name":"(anonymous_6)","decl":{"start":{"line":35,"column":2},"end":{"line":35,"column":3}},"loc":{"start":{"line":35,"column":34},"end":{"line":39,"column":3}},"line":35},"7":{"name":"(anonymous_7)","decl":{"start":{"line":41,"column":2},"end":{"line":41,"column":3}},"loc":{"start":{"line":41,"column":26},"end":{"line":45,"column":3}},"line":41}},"branchMap":{"0":{"loc":{"start":{"line":3,"column":4},"end":{"line":4,"column":34}},"type":"if","locations":[{"start":{"line":3,"column":4},"end":{"line":4,"column":34}},{"start":{},"end":{}}],"line":3},"1":{"loc":{"start":{"line":13,"column":4},"end":{"line":14,"column":46}},"type":"if","locations":[{"start":{"line":13,"column":4},"end":{"line":14,"column":46}},{"start":{},"end":{}}],"line":13},"2":{"loc":{"start":{"line":22,"column":14},"end":{"line":22,"column":20}},"type":"default-arg","locations":[{"start":{"line":22,"column":19},"end":{"line":22,"column":20}}],"line":22},"3":{"loc":{"start":{"line":23,"column":4},"end":{"line":25,"column":5}},"type":"if","locations":[{"start":{"line":23,"column":4},"end":{"line":25,"column":5}},{"start":{},"end":{}}],"line":23},"4":{"loc":{"start":{"line":36,"column":4},"end":{"line":38,"column":5}},"type":"if","locations":[{"start":{"line":36,"column":4},"end":{"line":38,"column":5}},{"start":{},"end":{}}],"line":36},"5":{"loc":{"start":{"line":42,"column":4},"end":{"line":44,"column":5}},"type":"if","locations":[{"start":{"line":42,"column":4},"end":{"line":44,"column":5}},{"start":{},"end":{}}],"line":42}},"s":{"0":1,"1":0,"2":1,"3":1,"4":1,"5":1,"6":0,"7":0,"8":0,"9":0,"10":0,"11":0,"12":0,"13":0,"14":0,"15":0,"16":0,"17":0,"18":1,"19":1,"20":0,"21":0,"22":1},"f":{"0":1,"1":0,"2":0,"3":0,"4":0,"5":0,"6":1,"7":0},"b":{"0":[0,1],"1":[0,0],"2":[0],"3":[0,0],"4":[1,0],"5":[0,0]},"_coverageSchema":"1a1c01bbd47fc00a2c39e90264f33305004495a9","hash":"dff410fd2cd37398cd0b260796501e807cd034a6"}
,"D:\\Study\\Modsen\\toast-app\\src\\components\\ErrorBoundary\\index.js": {"path":"D:\\Study\\Modsen\\toast-app\\src\\components\\ErrorBoundary\\index.js","statementMap":{"0":{"start":{"line":7,"column":4},"end":{"line":7,"column":16}},"1":{"start":{"line":8,"column":4},"end":{"line":8,"column":49}},"2":{"start":{"line":12,"column":4},"end":{"line":15,"column":6}},"3":{"start":{"line":19,"column":21},"end":{"line":19,"column":40}},"4":{"start":{"line":20,"column":4},"end":{"line":32,"column":5}},"5":{"start":{"line":21,"column":6},"end":{"line":31,"column":7}},"6":{"start":{"line":33,"column":4},"end":{"line":33,"column":19}},"7":{"start":{"line":37,"column":0},"end":{"line":39,"column":1}}},"fnMap":{"0":{"name":"(anonymous_0)","decl":{"start":{"line":6,"column":2},"end":{"line":6,"column":3}},"loc":{"start":{"line":6,"column":21},"end":{"line":9,"column":3}},"line":6},"1":{"name":"(anonymous_1)","decl":{"start":{"line":11,"column":2},"end":{"line":11,"column":3}},"loc":{"start":{"line":11,"column":38},"end":{"line":16,"column":3}},"line":11},"2":{"name":"(anonymous_2)","decl":{"start":{"line":18,"column":2},"end":{"line":18,"column":3}},"loc":{"start":{"line":18,"column":11},"end":{"line":34,"column":3}},"line":18}},"branchMap":{"0":{"loc":{"start":{"line":20,"column":4},"end":{"line":32,"column":5}},"type":"if","locations":[{"start":{"line":20,"column":4},"end":{"line":32,"column":5}},{"start":{},"end":{}}],"line":20},"1":{"loc":{"start":{"line":25,"column":13},"end":{"line":26,"column":41}},"type":"binary-expr","locations":[{"start":{"line":25,"column":13},"end":{"line":25,"column":29}},{"start":{"line":26,"column":14},"end":{"line":26,"column":41}}],"line":25}},"s":{"0":0,"1":0,"2":0,"3":0,"4":0,"5":0,"6":0,"7":1},"f":{"0":0,"1":0,"2":0},"b":{"0":[0,0],"1":[0,0]},"_coverageSchema":"1a1c01bbd47fc00a2c39e90264f33305004495a9","hash":"e44b57c00577d2215ba290e9d74acd4032488baf"}
,"D:\\Study\\Modsen\\toast-app\\src\\components\\ToastsContainer\\Toast\\index.js": {"path":"D:\\Study\\Modsen\\toast-app\\src\\components\\ToastsContainer\\Toast\\index.js","statementMap":{"0":{"start":{"line":25,"column":14},"end":{"line":87,"column":1}},"1":{"start":{"line":26,"column":36},"end":{"line":26,"column":50}},"2":{"start":{"line":39,"column":6},"end":{"line":39,"column":18}},"3":{"start":{"line":41,"column":22},"end":{"line":50,"column":3}},"4":{"start":{"line":42,"column":4},"end":{"line":42,"column":23}},"5":{"start":{"line":43,"column":4},"end":{"line":49,"column":45}},"6":{"start":{"line":44,"column":6},"end":{"line":48,"column":7}},"7":{"start":{"line":45,"column":8},"end":{"line":45,"column":23}},"8":{"start":{"line":47,"column":8},"end":{"line":47,"column":44}},"9":{"start":{"line":52,"column":19},"end":{"line":52,"column":45}},"10":{"start":{"line":54,"column":2},"end":{"line":86,"column":3}},"11":{"start":{"line":89,"column":0},"end":{"line":110,"column":1}}},"fnMap":{"0":{"name":"(anonymous_0)","decl":{"start":{"line":25,"column":14},"end":{"line":25,"column":15}},"loc":{"start":{"line":25,"column":25},"end":{"line":87,"column":1}},"line":25},"1":{"name":"(anonymous_1)","decl":{"start":{"line":41,"column":22},"end":{"line":41,"column":23}},"loc":{"start":{"line":41,"column":28},"end":{"line":50,"column":3}},"line":41},"2":{"name":"(anonymous_2)","decl":{"start":{"line":43,"column":15},"end":{"line":43,"column":16}},"loc":{"start":{"line":43,"column":21},"end":{"line":49,"column":5}},"line":43}},"branchMap":{"0":{"loc":{"start":{"line":29,"column":4},"end":{"line":29,"column":12}},"type":"default-arg","locations":[{"start":{"line":29,"column":9},"end":{"line":29,"column":12}}],"line":29},"1":{"loc":{"start":{"line":34,"column":4},"end":{"line":34,"column":32}},"type":"default-arg","locations":[{"start":{"line":34,"column":16},"end":{"line":34,"column":32}}],"line":34},"2":{"loc":{"start":{"line":37,"column":4},"end":{"line":37,"column":31}},"type":"default-arg","locations":[{"start":{"line":37,"column":12},"end":{"line":37,"column":31}}],"line":37},"3":{"loc":{"start":{"line":44,"column":6},"end":{"line":48,"column":7}},"type":"if","locations":[{"start":{"line":44,"column":6},"end":{"line":48,"column":7}},{"start":{"line":46,"column":13},"end":{"line":48,"column":7}}],"line":44},"4":{"loc":{"start":{"line":59,"column":10},"end":{"line":61,"column":41}},"type":"cond-expr","locations":[{"start":{"line":60,"column":14},"end":{"line":60,"column":43}},{"start":{"line":61,"column":14},"end":{"line":61,"column":41}}],"line":59},"5":{"loc":{"start":{"line":64,"column":10},"end":{"line":66,"column":19}},"type":"cond-expr","locations":[{"start":{"line":65,"column":14},"end":{"line":65,"column":46}},{"start":{"line":66,"column":14},"end":{"line":66,"column":19}}],"line":64},"6":{"loc":{"start":{"line":69,"column":10},"end":{"line":71,"column":21}},"type":"cond-expr","locations":[{"start":{"line":70,"column":14},"end":{"line":70,"column":52}},{"start":{"line":71,"column":14},"end":{"line":71,"column":21}}],"line":69}},"s":{"0":1,"1":1,"2":1,"3":1,"4":0,"5":0,"6":0,"7":0,"8":0,"9":1,"10":1,"11":1},"f":{"0":1,"1":0,"2":0},"b":{"0":[1],"1":[1],"2":[1],"3":[0,0],"4":[1,0],"5":[0,1],"6":[0,1]},"_coverageSchema":"1a1c01bbd47fc00a2c39e90264f33305004495a9","hash":"3c1bf11dfbd35549d2473ca793164867be69fbd4"}
,"D:\\Study\\Modsen\\toast-app\\src\\components\\ToastsContainer\\Toast\\style.js": {"path":"D:\\Study\\Modsen\\toast-app\\src\\components\\ToastsContainer\\Toast\\style.js","statementMap":{"0":{"start":{"line":8,"column":36},"end":{"line":95,"column":1}},"1":{"start":{"line":10,"column":27},"end":{"line":10,"column":51}},"2":{"start":{"line":17,"column":26},"end":{"line":17,"column":31}},"3":{"start":{"line":19,"column":4},"end":{"line":19,"column":19}},"4":{"start":{"line":23,"column":8},"end":{"line":25,"column":37}},"5":{"start":{"line":27,"column":8},"end":{"line":29,"column":21}},"6":{"start":{"line":35,"column":8},"end":{"line":37,"column":37}},"7":{"start":{"line":39,"column":8},"end":{"line":41,"column":19}},"8":{"start":{"line":97,"column":32},"end":{"line":102,"column":1}},"9":{"start":{"line":104,"column":31},"end":{"line":106,"column":1}},"10":{"start":{"line":107,"column":34},"end":{"line":111,"column":1}},"11":{"start":{"line":113,"column":30},"end":{"line":116,"column":1}},"12":{"start":{"line":118,"column":31},"end":{"line":129,"column":1}}},"fnMap":{"0":{"name":"(anonymous_0)","decl":{"start":{"line":10,"column":13},"end":{"line":10,"column":14}},"loc":{"start":{"line":10,"column":27},"end":{"line":10,"column":51}},"line":10},"1":{"name":"(anonymous_1)","decl":{"start":{"line":17,"column":11},"end":{"line":17,"column":12}},"loc":{"start":{"line":17,"column":26},"end":{"line":17,"column":31}},"line":17},"2":{"name":"(anonymous_2)","decl":{"start":{"line":18,"column":22},"end":{"line":18,"column":23}},"loc":{"start":{"line":19,"column":4},"end":{"line":19,"column":19}},"line":19},"3":{"name":"(anonymous_3)","decl":{"start":{"line":22,"column":17},"end":{"line":22,"column":18}},"loc":{"start":{"line":23,"column":8},"end":{"line":25,"column":37}},"line":23},"4":{"name":"(anonymous_4)","decl":{"start":{"line":26,"column":8},"end":{"line":26,"column":9}},"loc":{"start":{"line":27,"column":8},"end":{"line":29,"column":21}},"line":27},"5":{"name":"(anonymous_5)","decl":{"start":{"line":34,"column":17},"end":{"line":34,"column":18}},"loc":{"start":{"line":35,"column":8},"end":{"line":37,"column":37}},"line":35},"6":{"name":"(anonymous_6)","decl":{"start":{"line":38,"column":8},"end":{"line":38,"column":9}},"loc":{"start":{"line":39,"column":8},"end":{"line":41,"column":19}},"line":39}},"branchMap":{"0":{"loc":{"start":{"line":27,"column":8},"end":{"line":29,"column":21}},"type":"cond-expr","locations":[{"start":{"line":28,"column":12},"end":{"line":28,"column":21}},{"start":{"line":29,"column":12},"end":{"line":29,"column":21}}],"line":27},"1":{"loc":{"start":{"line":39,"column":8},"end":{"line":41,"column":19}},"type":"cond-expr","locations":[{"start":{"line":40,"column":12},"end":{"line":40,"column":19}},{"start":{"line":41,"column":12},"end":{"line":41,"column":19}}],"line":39}},"s":{"0":1,"1":0,"2":0,"3":0,"4":0,"5":0,"6":0,"7":0,"8":1,"9":1,"10":1,"11":1,"12":1},"f":{"0":0,"1":0,"2":0,"3":0,"4":0,"5":0,"6":0},"b":{"0":[0,0],"1":[0,0]},"_coverageSchema":"1a1c01bbd47fc00a2c39e90264f33305004495a9","hash":"f59140985c2a3b6fc2b28fbebce3a1a524b7369d"}
,"D:\\Study\\Modsen\\toast-app\\src\\components\\icons\\CloseIcon.js": {"path":"D:\\Study\\Modsen\\toast-app\\src\\components\\icons\\CloseIcon.js","statementMap":{"0":{"start":{"line":4,"column":25},"end":{"line":35,"column":1}},"1":{"start":{"line":5,"column":2},"end":{"line":34,"column":3}},"2":{"start":{"line":37,"column":0},"end":{"line":39,"column":1}}},"fnMap":{"0":{"name":"(anonymous_0)","decl":{"start":{"line":4,"column":25},"end":{"line":4,"column":26}},"loc":{"start":{"line":4,"column":40},"end":{"line":35,"column":1}},"line":4}},"branchMap":{},"s":{"0":2,"1":0,"2":2},"f":{"0":0},"b":{},"_coverageSchema":"1a1c01bbd47fc00a2c39e90264f33305004495a9","hash":"5e28179dc776a85fe34334047a197319b4d15fb4"}
,"D:\\Study\\Modsen\\toast-app\\src\\components\\icons\\ErrorIcon.js": {"path":"D:\\Study\\Modsen\\toast-app\\src\\components\\icons\\ErrorIcon.js","statementMap":{"0":{"start":{"line":4,"column":25},"end":{"line":121,"column":1}},"1":{"start":{"line":5,"column":2},"end":{"line":120,"column":3}},"2":{"start":{"line":123,"column":0},"end":{"line":125,"column":1}}},"fnMap":{"0":{"name":"(anonymous_0)","decl":{"start":{"line":4,"column":25},"end":{"line":4,"column":26}},"loc":{"start":{"line":4,"column":40},"end":{"line":121,"column":1}},"line":4}},"branchMap":{},"s":{"0":2,"1":0,"2":2},"f":{"0":0},"b":{},"_coverageSchema":"1a1c01bbd47fc00a2c39e90264f33305004495a9","hash":"2c6c2bedab7f3f7c572a87c2761ca4d6d54eb967"}
,"D:\\Study\\Modsen\\toast-app\\src\\components\\icons\\InfoIcon.js": {"path":"D:\\Study\\Modsen\\toast-app\\src\\components\\icons\\InfoIcon.js","statementMap":{"0":{"start":{"line":4,"column":24},"end":{"line":59,"column":1}},"1":{"start":{"line":5,"column":2},"end":{"line":58,"column":3}},"2":{"start":{"line":61,"column":0},"end":{"line":63,"column":1}}},"fnMap":{"0":{"name":"(anonymous_0)","decl":{"start":{"line":4,"column":24},"end":{"line":4,"column":25}},"loc":{"start":{"line":4,"column":39},"end":{"line":59,"column":1}},"line":4}},"branchMap":{},"s":{"0":2,"1":1,"2":2},"f":{"0":1},"b":{},"_coverageSchema":"1a1c01bbd47fc00a2c39e90264f33305004495a9","hash":"97f84c24531b6b55c3828f3cd53cbabc2ba1297d"}
,"D:\\Study\\Modsen\\toast-app\\src\\components\\icons\\SuccessIcon.js": {"path":"D:\\Study\\Modsen\\toast-app\\src\\components\\icons\\SuccessIcon.js","statementMap":{"0":{"start":{"line":4,"column":27},"end":{"line":42,"column":1}},"1":{"start":{"line":5,"column":2},"end":{"line":41,"column":3}},"2":{"start":{"line":44,"column":0},"end":{"line":46,"column":1}}},"fnMap":{"0":{"name":"(anonymous_0)","decl":{"start":{"line":4,"column":27},"end":{"line":4,"column":28}},"loc":{"start":{"line":4,"column":42},"end":{"line":42,"column":1}},"line":4}},"branchMap":{},"s":{"0":2,"1":0,"2":2},"f":{"0":0},"b":{},"_coverageSchema":"1a1c01bbd47fc00a2c39e90264f33305004495a9","hash":"faf08f0b8c7d11930c03e0e04626793e8c355d64"}
,"D:\\Study\\Modsen\\toast-app\\src\\components\\icons\\WarningIcon.js": {"path":"D:\\Study\\Modsen\\toast-app\\src\\components\\icons\\WarningIcon.js","statementMap":{"0":{"start":{"line":4,"column":27},"end":{"line":39,"column":1}},"1":{"start":{"line":5,"column":2},"end":{"line":38,"column":3}},"2":{"start":{"line":41,"column":0},"end":{"line":43,"column":1}}},"fnMap":{"0":{"name":"(anonymous_0)","decl":{"start":{"line":4,"column":27},"end":{"line":4,"column":28}},"loc":{"start":{"line":4,"column":42},"end":{"line":39,"column":1}},"line":4}},"branchMap":{},"s":{"0":2,"1":0,"2":2},"f":{"0":0},"b":{},"_coverageSchema":"1a1c01bbd47fc00a2c39e90264f33305004495a9","hash":"bf9dd0317f9d4131d38a9608ed6db7b61e3b25bf"}
,"D:\\Study\\Modsen\\toast-app\\src\\components\\icons\\index.js": {"path":"D:\\Study\\Modsen\\toast-app\\src\\components\\icons\\index.js","statementMap":{},"fnMap":{},"branchMap":{},"s":{},"f":{},"b":{},"_coverageSchema":"1a1c01bbd47fc00a2c39e90264f33305004495a9","hash":"7e837c120b6423955e9106ae67819952d526316d"}
,"D:\\Study\\Modsen\\toast-app\\src\\constants\\actions.js": {"path":"D:\\Study\\Modsen\\toast-app\\src\\constants\\actions.js","statementMap":{"0":{"start":{"line":1,"column":35},"end":{"line":1,"column":56}},"1":{"start":{"line":2,"column":37},"end":{"line":2,"column":58}}},"fnMap":{},"branchMap":{},"s":{"0":2,"1":2},"f":{},"b":{},"_coverageSchema":"1a1c01bbd47fc00a2c39e90264f33305004495a9","hash":"5d29c5b00f6944641d2465b1306348cfa5898309"}
,"D:\\Study\\Modsen\\toast-app\\src\\constants\\error.js": {"path":"D:\\Study\\Modsen\\toast-app\\src\\constants\\error.js","statementMap":{"0":{"start":{"line":1,"column":29},"end":{"line":1,"column":52}}},"fnMap":{},"branchMap":{},"s":{"0":2},"f":{},"b":{},"_coverageSchema":"1a1c01bbd47fc00a2c39e90264f33305004495a9","hash":"02a6b7379e1c45888ce5e1f52d82148381c6a60f"}
,"D:\\Study\\Modsen\\toast-app\\src\\constants\\index.js": {"path":"D:\\Study\\Modsen\\toast-app\\src\\constants\\index.js","statementMap":{},"fnMap":{},"branchMap":{},"s":{},"f":{},"b":{},"_coverageSchema":"1a1c01bbd47fc00a2c39e90264f33305004495a9","hash":"e3f5d79fbdfc1e1e1b7f7f52da1578c7ff34b533"}
,"D:\\Study\\Modsen\\toast-app\\src\\constants\\subscribers.js": {"path":"D:\\Study\\Modsen\\toast-app\\src\\constants\\subscribers.js","statementMap":{},"fnMap":{},"branchMap":{},"s":{},"f":{},"b":{},"_coverageSchema":"1a1c01bbd47fc00a2c39e90264f33305004495a9","hash":"e8eec5c3a6d0b10338145dd47256b18b6d236cf4"}
,"D:\\Study\\Modsen\\toast-app\\src\\constants\\toastProperties.js": {"path":"D:\\Study\\Modsen\\toast-app\\src\\constants\\toastProperties.js","statementMap":{"0":{"start":{"line":1,"column":27},"end":{"line":6,"column":1}},"1":{"start":{"line":8,"column":27},"end":{"line":12,"column":1}},"2":{"start":{"line":14,"column":31},"end":{"line":19,"column":1}},"3":{"start":{"line":21,"column":32},"end":{"line":24,"column":1}},"4":{"start":{"line":26,"column":35},"end":{"line":26,"column":39}},"5":{"start":{"line":27,"column":41},"end":{"line":27,"column":45}},"6":{"start":{"line":28,"column":45},"end":{"line":28,"column":46}},"7":{"start":{"line":30,"column":39},"end":{"line":33,"column":1}}},"fnMap":{},"branchMap":{},"s":{"0":2,"1":2,"2":2,"3":2,"4":2,"5":2,"6":2,"7":2},"f":{},"b":{},"_coverageSchema":"1a1c01bbd47fc00a2c39e90264f33305004495a9","hash":"b3bc0b29fe1b1283b04cbe2f8c348ed91d100495"}
,"D:\\Study\\Modsen\\toast-app\\src\\utils\\getIcons.js": {"path":"D:\\Study\\Modsen\\toast-app\\src\\utils\\getIcons.js","statementMap":{"0":{"start":{"line":10,"column":24},"end":{"line":21,"column":1}},"1":{"start":{"line":11,"column":2},"end":{"line":20,"column":3}},"2":{"start":{"line":13,"column":6},"end":{"line":13,"column":39}},"3":{"start":{"line":15,"column":6},"end":{"line":15,"column":42}},"4":{"start":{"line":17,"column":6},"end":{"line":17,"column":40}},"5":{"start":{"line":19,"column":6},"end":{"line":19,"column":42}}},"fnMap":{"0":{"name":"(anonymous_0)","decl":{"start":{"line":10,"column":24},"end":{"line":10,"column":25}},"loc":{"start":{"line":10,"column":41},"end":{"line":21,"column":1}},"line":10}},"branchMap":{"0":{"loc":{"start":{"line":11,"column":2},"end":{"line":20,"column":3}},"type":"switch","locations":[{"start":{"line":12,"column":4},"end":{"line":13,"column":39}},{"start":{"line":14,"column":4},"end":{"line":15,"column":42}},{"start":{"line":16,"column":4},"end":{"line":17,"column":40}},{"start":{"line":18,"column":4},"end":{"line":19,"column":42}}],"line":11}},"s":{"0":1,"1":1,"2":1,"3":0,"4":0,"5":0},"f":{"0":1},"b":{"0":[1,0,0,0]},"_coverageSchema":"1a1c01bbd47fc00a2c39e90264f33305004495a9","hash":"e591884a5c25949044bcac0fc854198237feb6a4"}
,"D:\\Study\\Modsen\\toast-app\\src\\utils\\getStyles.js": {"path":"D:\\Study\\Modsen\\toast-app\\src\\utils\\getStyles.js","statementMap":{"0":{"start":{"line":3,"column":32},"end":{"line":14,"column":1}},"1":{"start":{"line":4,"column":2},"end":{"line":13,"column":3}},"2":{"start":{"line":6,"column":6},"end":{"line":6,"column":52}},"3":{"start":{"line":8,"column":6},"end":{"line":8,"column":52}},"4":{"start":{"line":10,"column":6},"end":{"line":10,"column":52}},"5":{"start":{"line":12,"column":6},"end":{"line":12,"column":52}},"6":{"start":{"line":16,"column":26},"end":{"line":25,"column":1}},"7":{"start":{"line":17,"column":2},"end":{"line":24,"column":3}},"8":{"start":{"line":19,"column":6},"end":{"line":19,"column":36}},"9":{"start":{"line":21,"column":6},"end":{"line":21,"column":37}},"10":{"start":{"line":23,"column":6},"end":{"line":23,"column":37}}},"fnMap":{"0":{"name":"(anonymous_0)","decl":{"start":{"line":3,"column":32},"end":{"line":3,"column":33}},"loc":{"start":{"line":3,"column":42},"end":{"line":14,"column":1}},"line":3},"1":{"name":"(anonymous_1)","decl":{"start":{"line":16,"column":26},"end":{"line":16,"column":27}},"loc":{"start":{"line":16,"column":36},"end":{"line":25,"column":1}},"line":16}},"branchMap":{"0":{"loc":{"start":{"line":4,"column":2},"end":{"line":13,"column":3}},"type":"switch","locations":[{"start":{"line":5,"column":4},"end":{"line":6,"column":52}},{"start":{"line":7,"column":4},"end":{"line":8,"column":52}},{"start":{"line":9,"column":4},"end":{"line":10,"column":52}},{"start":{"line":11,"column":4},"end":{"line":12,"column":52}}],"line":4},"1":{"loc":{"start":{"line":17,"column":2},"end":{"line":24,"column":3}},"type":"switch","locations":[{"start":{"line":18,"column":4},"end":{"line":19,"column":36}},{"start":{"line":20,"column":4},"end":{"line":21,"column":37}},{"start":{"line":22,"column":4},"end":{"line":23,"column":37}}],"line":17}},"s":{"0":2,"1":1,"2":1,"3":0,"4":0,"5":0,"6":2,"7":0,"8":0,"9":0,"10":0},"f":{"0":1,"1":0},"b":{"0":[1,0,0,0],"1":[0,0,0]},"_coverageSchema":"1a1c01bbd47fc00a2c39e90264f33305004495a9","hash":"2afa556162b3def94c494d49cdce0005e4421318"}
,"D:\\Study\\Modsen\\toast-app\\src\\utils\\index.js": {"path":"D:\\Study\\Modsen\\toast-app\\src\\utils\\index.js","statementMap":{},"fnMap":{},"branchMap":{},"s":{},"f":{},"b":{},"_coverageSchema":"1a1c01bbd47fc00a2c39e90264f33305004495a9","hash":"fb56469e0e6fa7bddfbf1c200bf68fd489b5b9c3"}
}
