TN:
SF:src\ToastService\index.js
FN:2,(anonymous_0)
FN:11,(anonymous_1)
FN:17,(anonymous_2)
FN:22,(anonymous_3)
FN:29,(anonymous_4)
FN:30,(anonymous_5)
FN:35,(anonymous_6)
FN:41,(anonymous_7)
FNF:8
FNH:2
FNDA:1,(anonymous_0)
FNDA:0,(anonymous_1)
FNDA:0,(anonymous_2)
FNDA:0,(anonymous_3)
FNDA:0,(anonymous_4)
FNDA:0,(anonymous_5)
FNDA:1,(anonymous_6)
FNDA:0,(anonymous_7)
DA:3,1
DA:4,0
DA:5,1
DA:6,1
DA:7,1
DA:8,1
DA:12,0
DA:13,0
DA:14,0
DA:15,0
DA:16,0
DA:17,0
DA:18,0
DA:23,0
DA:24,0
DA:26,0
DA:30,0
DA:31,0
DA:36,1
DA:37,1
DA:42,0
DA:43,0
DA:48,1
LF:23
LH:8
BRDA:3,0,0,0
BRDA:3,0,1,1
BRDA:13,1,0,0
BRDA:13,1,1,0
BRDA:22,2,0,0
BRDA:23,3,0,0
BRDA:23,3,1,0
BRDA:36,4,0,1
BRDA:36,4,1,0
BRDA:42,5,0,0
BRDA:42,5,1,0
BRF:11
BRH:2
end_of_record
TN:
SF:src\components\ErrorBoundary\index.js
FN:6,(anonymous_0)
FN:11,(anonymous_1)
FN:18,(anonymous_2)
FNF:3
FNH:0
FNDA:0,(anonymous_0)
FNDA:0,(anonymous_1)
FNDA:0,(anonymous_2)
DA:7,0
DA:8,0
DA:12,0
DA:19,0
DA:20,0
DA:21,0
DA:33,0
DA:37,1
LF:8
LH:1
BRDA:20,0,0,0
BRDA:20,0,1,0
BRDA:25,1,0,0
BRDA:25,1,1,0
BRF:4
BRH:0
end_of_record
TN:
SF:src\components\ToastsContainer\Toast\index.js
FN:25,(anonymous_0)
FN:41,(anonymous_1)
FN:43,(anonymous_2)
FNF:3
FNH:1
FNDA:1,(anonymous_0)
FNDA:0,(anonymous_1)
FNDA:0,(anonymous_2)
DA:25,1
DA:26,1
DA:39,1
DA:41,1
DA:42,0
DA:43,0
DA:44,0
DA:45,0
DA:47,0
DA:52,1
DA:54,1
DA:89,1
LF:12
LH:7
BRDA:29,0,0,1
BRDA:34,1,0,1
BRDA:37,2,0,1
BRDA:44,3,0,0
BRDA:44,3,1,0
BRDA:59,4,0,1
BRDA:59,4,1,0
BRDA:64,5,0,0
BRDA:64,5,1,1
BRDA:69,6,0,0
BRDA:69,6,1,1
BRF:11
BRH:6
end_of_record
TN:
SF:src\components\ToastsContainer\Toast\style.js
FN:10,(anonymous_0)
FN:17,(anonymous_1)
FN:18,(anonymous_2)
FN:22,(anonymous_3)
FN:26,(anonymous_4)
FN:34,(anonymous_5)
FN:38,(anonymous_6)
FNF:7
FNH:0
FNDA:0,(anonymous_0)
FNDA:0,(anonymous_1)
FNDA:0,(anonymous_2)
FNDA:0,(anonymous_3)
FNDA:0,(anonymous_4)
FNDA:0,(anonymous_5)
FNDA:0,(anonymous_6)
DA:8,1
DA:10,0
DA:17,0
DA:19,0
DA:23,0
DA:27,0
DA:35,0
DA:39,0
DA:97,1
DA:104,1
DA:107,1
DA:113,1
DA:118,1
LF:13
LH:6
BRDA:27,0,0,0
BRDA:27,0,1,0
BRDA:39,1,0,0
BRDA:39,1,1,0
BRF:4
BRH:0
end_of_record
TN:
SF:src\components\icons\CloseIcon.js
FN:4,(anonymous_0)
FNF:1
FNH:0
FNDA:0,(anonymous_0)
DA:4,2
DA:5,0
DA:37,2
LF:3
LH:2
BRF:0
BRH:0
end_of_record
TN:
SF:src\components\icons\ErrorIcon.js
FN:4,(anonymous_0)
FNF:1
FNH:0
FNDA:0,(anonymous_0)
DA:4,2
DA:5,0
DA:123,2
LF:3
LH:2
BRF:0
BRH:0
end_of_record
TN:
SF:src\components\icons\InfoIcon.js
FN:4,(anonymous_0)
FNF:1
FNH:1
FNDA:1,(anonymous_0)
DA:4,2
DA:5,1
DA:61,2
LF:3
LH:3
BRF:0
BRH:0
end_of_record
TN:
SF:src\components\icons\SuccessIcon.js
FN:4,(anonymous_0)
FNF:1
FNH:0
FNDA:0,(anonymous_0)
DA:4,2
DA:5,0
DA:44,2
LF:3
LH:2
BRF:0
BRH:0
end_of_record
TN:
SF:src\components\icons\WarningIcon.js
FN:4,(anonymous_0)
FNF:1
FNH:0
FNDA:0,(anonymous_0)
DA:4,2
DA:5,0
DA:41,2
LF:3
LH:2
BRF:0
BRH:0
end_of_record
TN:
SF:src\components\icons\index.js
FNF:0
FNH:0
LF:0
LH:0
BRF:0
BRH:0
end_of_record
TN:
SF:src\constants\actions.js
FNF:0
FNH:0
DA:1,2
DA:2,2
LF:2
LH:2
BRF:0
BRH:0
end_of_record
TN:
SF:src\constants\error.js
FNF:0
FNH:0
DA:1,2
LF:1
LH:1
BRF:0
BRH:0
end_of_record
TN:
SF:src\constants\index.js
FNF:0
FNH:0
LF:0
LH:0
BRF:0
BRH:0
end_of_record
TN:
SF:src\constants\subscribers.js
FNF:0
FNH:0
LF:0
LH:0
BRF:0
BRH:0
end_of_record
TN:
SF:src\constants\toastProperties.js
FNF:0
FNH:0
DA:1,2
DA:8,2
DA:14,2
DA:21,2
DA:26,2
DA:27,2
DA:28,2
DA:30,2
LF:8
LH:8
BRF:0
BRH:0
end_of_record
TN:
SF:src\utils\getIcons.js
FN:10,(anonymous_0)
FNF:1
FNH:1
FNDA:1,(anonymous_0)
DA:10,1
DA:11,1
DA:13,1
DA:15,0
DA:17,0
DA:19,0
LF:6
LH:3
BRDA:11,0,0,1
BRDA:11,0,1,0
BRDA:11,0,2,0
BRDA:11,0,3,0
BRF:4
BRH:1
end_of_record
TN:
SF:src\utils\getStyles.js
FN:3,(anonymous_0)
FN:16,(anonymous_1)
FNF:2
FNH:1
FNDA:1,(anonymous_0)
FNDA:0,(anonymous_1)
DA:3,2
DA:4,1
DA:6,1
DA:8,0
DA:10,0
DA:12,0
DA:16,2
DA:17,0
DA:19,0
DA:21,0
DA:23,0
LF:11
LH:4
BRDA:4,0,0,1
BRDA:4,0,1,0
BRDA:4,0,2,0
BRDA:4,0,3,0
BRDA:17,1,0,0
BRDA:17,1,1,0
BRDA:17,1,2,0
BRF:7
BRH:1
end_of_record
TN:
SF:src\utils\index.js
FNF:0
FNH:0
LF:0
LH:0
BRF:0
BRH:0
end_of_record
